<?xml version="1.0" encoding="UTF-8"?>
<!-- Generated by org.testng.reporters.JUnitReportReporter -->
<testsuite hostname="DCS-6W0XKQ1-LX" name="Selenium.basicTitleTest" tests="1" failures="0" timestamp="30 Jun 2016 02:45:44 GMT" time="15.263" errors="0">
  <testcase name="testSelenium" time="15.263" classname="Selenium.basicTitleTest"/>
</testsuite> <!-- Selenium.basicTitleTest -->
