<?xml version="1.0" encoding="UTF-8"?>
<!-- Generated by org.testng.reporters.JUnitReportReporter -->
<testsuite hostname="DCS-6W0XKQ1-LX" name="Selenium.SeleniumTest" tests="1" failures="0" timestamp="24 Jun 2016 03:58:53 GMT" time="16.239" errors="0">
  <testcase name="testSelenium" time="16.239" classname="Selenium.SeleniumTest"/>
</testsuite> <!-- Selenium.SeleniumTest -->
